C:\USERS\ANSEL\DOCUMENTS\GITHUB\RTYPE\RTYPE\SERVER\DYNAMICLIBRARYUPDATER.OBJ
C:\USERS\ANSEL\DOCUMENTS\GITHUB\RTYPE\RTYPE\SERVER\UNIXDYNAMICLIBRARY.OBJ
C:\USERS\ANSEL\DOCUMENTS\GITHUB\RTYPE\RTYPE\SERVER\WINDOWSDYNAMICLIBRARY.OBJ
C:\USERS\ANSEL\DOCUMENTS\GITHUB\RTYPE\RTYPE\SERVER\ACHARACTER.OBJ
C:\USERS\ANSEL\DOCUMENTS\GITHUB\RTYPE\RTYPE\SERVER\AENTITY.OBJ
C:\USERS\ANSEL\DOCUMENTS\GITHUB\RTYPE\RTYPE\SERVER\COORDINATE.OBJ
C:\USERS\ANSEL\DOCUMENTS\GITHUB\RTYPE\RTYPE\SERVER\MOB.OBJ
C:\USERS\ANSEL\DOCUMENTS\GITHUB\RTYPE\RTYPE\SERVER\PLAYER.OBJ
C:\USERS\ANSEL\DOCUMENTS\GITHUB\RTYPE\RTYPE\SERVER\DIRECTORY.OBJ
C:\USERS\ANSEL\DOCUMENTS\GITHUB\RTYPE\RTYPE\SERVER\ENTRY.OBJ
C:\USERS\ANSEL\DOCUMENTS\GITHUB\RTYPE\RTYPE\SERVER\FILE.OBJ
C:\USERS\ANSEL\DOCUMENTS\GITHUB\RTYPE\RTYPE\SERVER\GAMELIBRARIES.OBJ
C:\USERS\ANSEL\DOCUMENTS\GITHUB\RTYPE\RTYPE\SERVER\GAMELOOP.OBJ
C:\USERS\ANSEL\DOCUMENTS\GITHUB\RTYPE\RTYPE\SERVER\GAMELOOPMANAGER.OBJ
C:\USERS\ANSEL\DOCUMENTS\GITHUB\RTYPE\RTYPE\SERVER\PLAYERINFO.OBJ
C:\USERS\ANSEL\DOCUMENTS\GITHUB\RTYPE\RTYPE\SERVER\LEVEL.OBJ
C:\USERS\ANSEL\DOCUMENTS\GITHUB\RTYPE\RTYPE\SERVER\LEVELMANAGER.OBJ
C:\USERS\ANSEL\DOCUMENTS\GITHUB\RTYPE\RTYPE\SERVER\MAP.OBJ
C:\USERS\ANSEL\DOCUMENTS\GITHUB\RTYPE\RTYPE\SERVER\MAIN.OBJ
C:\USERS\ANSEL\DOCUMENTS\GITHUB\RTYPE\RTYPE\SERVER\SERVER.OBJ
C:\USERS\ANSEL\DOCUMENTS\GITHUB\RTYPE\RTYPE\SERVER\CIRCULARBUFFERMANAGER.OBJ
C:\USERS\ANSEL\DOCUMENTS\GITHUB\RTYPE\RTYPE\SERVER\CIRCULARBUFFER.OBJ
C:\USERS\ANSEL\DOCUMENTS\GITHUB\RTYPE\RTYPE\SERVER\HEADER.OBJ
C:\USERS\ANSEL\DOCUMENTS\GITHUB\RTYPE\RTYPE\SERVER\TRAME.OBJ
C:\USERS\ANSEL\DOCUMENTS\GITHUB\RTYPE\RTYPE\SERVER\UNIXMUTEX.OBJ
C:\USERS\ANSEL\DOCUMENTS\GITHUB\RTYPE\RTYPE\SERVER\WINDOWSMUTEX.OBJ
C:\USERS\ANSEL\DOCUMENTS\GITHUB\RTYPE\RTYPE\SERVER\SELECT.OBJ
C:\USERS\ANSEL\DOCUMENTS\GITHUB\RTYPE\RTYPE\SERVER\UNIXSOCKET.OBJ
C:\USERS\ANSEL\DOCUMENTS\GITHUB\RTYPE\RTYPE\SERVER\UNIXSOCKETCLIENT.OBJ
C:\USERS\ANSEL\DOCUMENTS\GITHUB\RTYPE\RTYPE\SERVER\WINDOWSSOCKET.OBJ
C:\USERS\ANSEL\DOCUMENTS\GITHUB\RTYPE\RTYPE\SERVER\WINDOWSSOCKETCLIENT.OBJ
C:\USERS\ANSEL\DOCUMENTS\GITHUB\RTYPE\RTYPE\SERVER\PTHREADCONDITION.OBJ
C:\USERS\ANSEL\DOCUMENTS\GITHUB\RTYPE\RTYPE\SERVER\UNIXTHREAD.OBJ
C:\USERS\ANSEL\DOCUMENTS\GITHUB\RTYPE\RTYPE\SERVER\WINDOWSTHREAD.OBJ
C:\USERS\ANSEL\DOCUMENTS\GITHUB\RTYPE\RTYPE\SERVER\ACTION.OBJ
C:\USERS\ANSEL\DOCUMENTS\GITHUB\RTYPE\RTYPE\SERVER\CLIENTINFO.OBJ
C:\USERS\ANSEL\DOCUMENTS\GITHUB\RTYPE\RTYPE\SERVER\COMMAND.OBJ
C:\USERS\ANSEL\DOCUMENTS\GITHUB\RTYPE\RTYPE\SERVER\ADYNAMICLIBRARY.OBJ
C:\USERS\ANSEL\DOCUMENTS\GITHUB\RTYPE\RTYPE\SERVER\DYNAMICLIBRARY.OBJ
C:\USERS\ANSEL\DOCUMENTS\GITHUB\RTYPE\RTYPE\SERVER\DYNAMICLIBRARYMANAGER.OBJ
C:\USERS\ANSEL\DOCUMENTS\GITHUB\RTYPE\RTYPE\SERVER\VC110.PDB
C:\USERS\ANSEL\DOCUMENTS\GITHUB\RTYPE\RTYPE\SERVER.ILK
C:\USERS\ANSEL\DOCUMENTS\GITHUB\RTYPE\RTYPE\SERVER.EXE
C:\USERS\ANSEL\DOCUMENTS\GITHUB\RTYPE\RTYPE\SERVER.PDB
C:\Users\ansel\Documents\GitHub\rtype\rtype\Server\ACharacter.obj
C:\Users\ansel\Documents\GitHub\rtype\rtype\Server\Action.obj
C:\Users\ansel\Documents\GitHub\rtype\rtype\Server\ADynamicLibrary.obj
C:\Users\ansel\Documents\GitHub\rtype\rtype\Server\AEntity.obj
C:\Users\ansel\Documents\GitHub\rtype\rtype\Server\CircularBuffer.obj
C:\Users\ansel\Documents\GitHub\rtype\rtype\Server\CircularBufferManager.obj
C:\Users\ansel\Documents\GitHub\rtype\rtype\Server\ClientInfo.obj
C:\Users\ansel\Documents\GitHub\rtype\rtype\Server\Command.obj
C:\Users\ansel\Documents\GitHub\rtype\rtype\Server\Coordinate.obj
C:\Users\ansel\Documents\GitHub\rtype\rtype\Server\Directory.obj
C:\Users\ansel\Documents\GitHub\rtype\rtype\Server\DynamicLibrary.obj
C:\Users\ansel\Documents\GitHub\rtype\rtype\Server\DynamicLibraryManager.obj
C:\Users\ansel\Documents\GitHub\rtype\rtype\Server\DynamicLibraryUpdater.obj
C:\Users\ansel\Documents\GitHub\rtype\rtype\Server\Entry.obj
C:\Users\ansel\Documents\GitHub\rtype\rtype\Server\File.obj
C:\Users\ansel\Documents\GitHub\rtype\rtype\Server\GameLibraries.obj
C:\Users\ansel\Documents\GitHub\rtype\rtype\Server\GameLoop.obj
C:\Users\ansel\Documents\GitHub\rtype\rtype\Server\GameLoopManager.obj
C:\Users\ansel\Documents\GitHub\rtype\rtype\Server\Header.obj
C:\Users\ansel\Documents\GitHub\rtype\rtype\Server\Level.obj
C:\Users\ansel\Documents\GitHub\rtype\rtype\Server\LevelManager.obj
C:\Users\ansel\Documents\GitHub\rtype\rtype\Server\main.obj
C:\Users\ansel\Documents\GitHub\rtype\rtype\Server\Map.obj
C:\Users\ansel\Documents\GitHub\rtype\rtype\Server\Mob.obj
C:\Users\ansel\Documents\GitHub\rtype\rtype\Server\Player.obj
C:\Users\ansel\Documents\GitHub\rtype\rtype\Server\PlayerInfo.obj
C:\Users\ansel\Documents\GitHub\rtype\rtype\Server\PthreadCondition.obj
C:\Users\ansel\Documents\GitHub\rtype\rtype\Server\Select.obj
C:\Users\ansel\Documents\GitHub\rtype\rtype\Server\Server.obj
C:\Users\ansel\Documents\GitHub\rtype\rtype\Server\Trame.obj
C:\Users\ansel\Documents\GitHub\rtype\rtype\Server\UnixDynamicLibrary.obj
C:\Users\ansel\Documents\GitHub\rtype\rtype\Server\UnixMutex.obj
C:\Users\ansel\Documents\GitHub\rtype\rtype\Server\UnixSocket.obj
C:\Users\ansel\Documents\GitHub\rtype\rtype\Server\UnixSocketClient.obj
C:\Users\ansel\Documents\GitHub\rtype\rtype\Server\UnixThread.obj
C:\Users\ansel\Documents\GitHub\rtype\rtype\Server\WindowsDynamicLibrary.obj
C:\Users\ansel\Documents\GitHub\rtype\rtype\Server\WindowsMutex.obj
C:\Users\ansel\Documents\GitHub\rtype\rtype\Server\WindowsSocket.obj
C:\Users\ansel\Documents\GitHub\rtype\rtype\Server\WindowsSocketClient.obj
C:\Users\ansel\Documents\GitHub\rtype\rtype\Server\WindowsThread.obj
C:\Users\ansel\Documents\GitHub\rtype\rtype\Server\cl.command.1.tlog
C:\Users\ansel\Documents\GitHub\rtype\rtype\Server\CL.read.1.tlog
C:\Users\ansel\Documents\GitHub\rtype\rtype\Server\CL.write.1.tlog
C:\Users\ansel\Documents\GitHub\rtype\rtype\Server\link-cvtres.read.1.tlog
C:\Users\ansel\Documents\GitHub\rtype\rtype\Server\link-cvtres.write.1.tlog
C:\Users\ansel\Documents\GitHub\rtype\rtype\Server\link-rc.read.1.tlog
C:\Users\ansel\Documents\GitHub\rtype\rtype\Server\link-rc.write.1.tlog
C:\Users\ansel\Documents\GitHub\rtype\rtype\Server\link.command.1.tlog
C:\Users\ansel\Documents\GitHub\rtype\rtype\Server\link.read.1.tlog
C:\Users\ansel\Documents\GitHub\rtype\rtype\Server\link.write.1.tlog
C:\Users\ansel\Documents\GitHub\rtype\rtype\Server\vc110.idb
C:\Users\ansel\Documents\GitHub\rtype\rtype\Server\vc110.pdb
C:\Users\ansel\Documents\GitHub\rtype\rtype\\Server.pdb
C:\Users\ansel\Documents\GitHub\rtype\rtype\\Server.exe
C:\Users\ansel\Documents\GitHub\rtype\rtype\\Server.ilk
