C:\USERS\ANSEL\DOCUMENTS\GITHUB\RTYPE\RTYPE\CLIENT\PROTOCOL.OBJ
C:\USERS\ANSEL\DOCUMENTS\GITHUB\RTYPE\RTYPE\CLIENT\GAMEINFO.OBJ
C:\USERS\ANSEL\DOCUMENTS\GITHUB\RTYPE\RTYPE\CLIENT\GAMELIST.OBJ
C:\USERS\ANSEL\DOCUMENTS\GITHUB\RTYPE\RTYPE\CLIENT\MAIN.OBJ
C:\USERS\ANSEL\DOCUMENTS\GITHUB\RTYPE\RTYPE\CLIENT\ENTITY.OBJ
C:\USERS\ANSEL\DOCUMENTS\GITHUB\RTYPE\RTYPE\CLIENT\MAP.OBJ
C:\USERS\ANSEL\DOCUMENTS\GITHUB\RTYPE\RTYPE\CLIENT\CIRCULARBUFFERMANAGER.OBJ
C:\USERS\ANSEL\DOCUMENTS\GITHUB\RTYPE\RTYPE\CLIENT\CIRCULARBUFFER.OBJ
C:\USERS\ANSEL\DOCUMENTS\GITHUB\RTYPE\RTYPE\CLIENT\HEADER.OBJ
C:\USERS\ANSEL\DOCUMENTS\GITHUB\RTYPE\RTYPE\CLIENT\TRAME.OBJ
C:\USERS\ANSEL\DOCUMENTS\GITHUB\RTYPE\RTYPE\CLIENT\UNIXMUTEX.OBJ
C:\USERS\ANSEL\DOCUMENTS\GITHUB\RTYPE\RTYPE\CLIENT\WINDOWSMUTEX.OBJ
C:\USERS\ANSEL\DOCUMENTS\GITHUB\RTYPE\RTYPE\CLIENT\SELECT.OBJ
C:\USERS\ANSEL\DOCUMENTS\GITHUB\RTYPE\RTYPE\CLIENT\UNIXSOCKET.OBJ
C:\USERS\ANSEL\DOCUMENTS\GITHUB\RTYPE\RTYPE\CLIENT\UNIXSOCKETCLIENT.OBJ
C:\USERS\ANSEL\DOCUMENTS\GITHUB\RTYPE\RTYPE\CLIENT\WINDOWSSOCKET.OBJ
C:\USERS\ANSEL\DOCUMENTS\GITHUB\RTYPE\RTYPE\CLIENT\WINDOWSSOCKETCLIENT.OBJ
C:\USERS\ANSEL\DOCUMENTS\GITHUB\RTYPE\RTYPE\CLIENT\PTHREADCONDITION.OBJ
C:\USERS\ANSEL\DOCUMENTS\GITHUB\RTYPE\RTYPE\CLIENT\UNIXTHREAD.OBJ
C:\USERS\ANSEL\DOCUMENTS\GITHUB\RTYPE\RTYPE\CLIENT\WINDOWSTHREAD.OBJ
C:\USERS\ANSEL\DOCUMENTS\GITHUB\RTYPE\RTYPE\CLIENT\CLIENT.OBJ
C:\USERS\ANSEL\DOCUMENTS\GITHUB\RTYPE\RTYPE\CLIENT\VC110.PDB
C:\USERS\ANSEL\DOCUMENTS\GITHUB\RTYPE\RTYPE\CLIENT.ILK
C:\USERS\ANSEL\DOCUMENTS\GITHUB\RTYPE\RTYPE\CLIENT.EXE
C:\USERS\ANSEL\DOCUMENTS\GITHUB\RTYPE\RTYPE\CLIENT.PDB
C:\Users\ansel\Documents\GitHub\rtype\rtype\Client\CircularBuffer.obj
C:\Users\ansel\Documents\GitHub\rtype\rtype\Client\CircularBufferManager.obj
C:\Users\ansel\Documents\GitHub\rtype\rtype\Client\Client.obj
C:\Users\ansel\Documents\GitHub\rtype\rtype\Client\Entity.obj
C:\Users\ansel\Documents\GitHub\rtype\rtype\Client\GameInfo.obj
C:\Users\ansel\Documents\GitHub\rtype\rtype\Client\GameList.obj
C:\Users\ansel\Documents\GitHub\rtype\rtype\Client\Header.obj
C:\Users\ansel\Documents\GitHub\rtype\rtype\Client\main.obj
C:\Users\ansel\Documents\GitHub\rtype\rtype\Client\Map.obj
C:\Users\ansel\Documents\GitHub\rtype\rtype\Client\Protocol.obj
C:\Users\ansel\Documents\GitHub\rtype\rtype\Client\PthreadCondition.obj
C:\Users\ansel\Documents\GitHub\rtype\rtype\Client\Select.obj
C:\Users\ansel\Documents\GitHub\rtype\rtype\Client\Trame.obj
C:\Users\ansel\Documents\GitHub\rtype\rtype\Client\UnixMutex.obj
C:\Users\ansel\Documents\GitHub\rtype\rtype\Client\UnixSocket.obj
C:\Users\ansel\Documents\GitHub\rtype\rtype\Client\UnixSocketClient.obj
C:\Users\ansel\Documents\GitHub\rtype\rtype\Client\UnixThread.obj
C:\Users\ansel\Documents\GitHub\rtype\rtype\Client\WindowsMutex.obj
C:\Users\ansel\Documents\GitHub\rtype\rtype\Client\WindowsSocket.obj
C:\Users\ansel\Documents\GitHub\rtype\rtype\Client\WindowsSocketClient.obj
C:\Users\ansel\Documents\GitHub\rtype\rtype\Client\WindowsThread.obj
C:\Users\ansel\Documents\GitHub\rtype\rtype\Client\cl.command.1.tlog
C:\Users\ansel\Documents\GitHub\rtype\rtype\Client\CL.read.1.tlog
C:\Users\ansel\Documents\GitHub\rtype\rtype\Client\CL.write.1.tlog
C:\Users\ansel\Documents\GitHub\rtype\rtype\Client\link-cvtres.read.1.tlog
C:\Users\ansel\Documents\GitHub\rtype\rtype\Client\link-cvtres.write.1.tlog
C:\Users\ansel\Documents\GitHub\rtype\rtype\Client\link-rc.read.1.tlog
C:\Users\ansel\Documents\GitHub\rtype\rtype\Client\link-rc.write.1.tlog
C:\Users\ansel\Documents\GitHub\rtype\rtype\Client\link.command.1.tlog
C:\Users\ansel\Documents\GitHub\rtype\rtype\Client\link.read.1.tlog
C:\Users\ansel\Documents\GitHub\rtype\rtype\Client\link.write.1.tlog
C:\Users\ansel\Documents\GitHub\rtype\rtype\Client\vc110.idb
C:\Users\ansel\Documents\GitHub\rtype\rtype\Client\vc110.pdb
C:\Users\ansel\Documents\GitHub\rtype\rtype\\Client.pdb
C:\Users\ansel\Documents\GitHub\rtype\rtype\\Client.exe
C:\Users\ansel\Documents\GitHub\rtype\rtype\\Client.ilk
